mode: set
martians/app/domain/entity/orientation.go:14.48,16.2 1 0
martians/app/domain/entity/orientation.go:18.71,20.21 1 0
martians/app/domain/entity/orientation.go:31.2,31.56 1 0
martians/app/domain/entity/orientation.go:21.11,22.16 1 0
martians/app/domain/entity/orientation.go:23.11,24.16 1 0
martians/app/domain/entity/orientation.go:25.11,26.16 1 0
martians/app/domain/entity/orientation.go:27.11,28.16 1 0
martians/app/domain/entity/robot.go:14.72,20.33 3 1
martians/app/domain/entity/robot.go:33.2,37.33 2 1
martians/app/domain/entity/robot.go:20.33,24.34 2 1
martians/app/domain/entity/robot.go:29.3,29.61 1 1
martians/app/domain/entity/robot.go:24.34,26.12 2 1
